  Window.cpp
  practica5.cpp
C:\Users\angel\OneDrive\Escritorio\Computación Grafica lab\practica5\practica5\Window.h(12,36): warning C4244: 'return': conversión de 'GLint' a 'GLfloat'; posible pérdida de datos
  (compilando archivo de origen "Window.cpp")
  
C:\Users\angel\OneDrive\Escritorio\Computación Grafica lab\practica5\practica5\Window.h(13,37): warning C4244: 'return': conversión de 'GLint' a 'GLfloat'; posible pérdida de datos
  (compilando archivo de origen "Window.cpp")
  
C:\Users\angel\OneDrive\Escritorio\Computación Grafica lab\practica5\practica5\Window.cpp(255,22): warning C4244: '=': conversión de 'double' a 'GLfloat'; posible pérdida de datos
C:\Users\angel\OneDrive\Escritorio\Computación Grafica lab\practica5\practica5\Window.cpp(256,22): warning C4244: '=': conversión de 'double' a 'GLfloat'; posible pérdida de datos
C:\Users\angel\OneDrive\Escritorio\Computación Grafica lab\practica5\practica5\Window.cpp(260,28): warning C4244: '=': conversión de 'double' a 'GLfloat'; posible pérdida de datos
C:\Users\angel\OneDrive\Escritorio\Computación Grafica lab\practica5\practica5\Window.cpp(261,40): warning C4244: '=': conversión de 'double' a 'GLfloat'; posible pérdida de datos
C:\Users\angel\OneDrive\Escritorio\Computación Grafica lab\practica5\practica5\Window.cpp(263,21): warning C4244: '=': conversión de 'double' a 'GLfloat'; posible pérdida de datos
C:\Users\angel\OneDrive\Escritorio\Computación Grafica lab\practica5\practica5\Window.cpp(264,21): warning C4244: '=': conversión de 'double' a 'GLfloat'; posible pérdida de datos
C:\Users\angel\OneDrive\Escritorio\Computación Grafica lab\practica5\practica5\Window.h(12,36): warning C4244: 'return': conversión de 'GLint' a 'GLfloat'; posible pérdida de datos
  (compilando archivo de origen "practica5.cpp")
  
C:\Users\angel\OneDrive\Escritorio\Computación Grafica lab\practica5\practica5\Window.h(13,37): warning C4244: 'return': conversión de 'GLint' a 'GLfloat'; posible pérdida de datos
  (compilando archivo de origen "practica5.cpp")
  
C:\Users\angel\OneDrive\Escritorio\Computación Grafica lab\practica5\practica5\practica5.cpp(214,15): warning C4244: 'inicializando': conversión de 'double' a 'GLfloat'; posible pérdida de datos
C:\Users\angel\OneDrive\Escritorio\Computación Grafica lab\practica5\practica5\practica5.cpp(216,33): warning C4244: '+=': conversión de 'double' a 'GLfloat'; posible pérdida de datos
  Generando código...
C:\Users\angel\OneDrive\Escritorio\Computación Grafica lab\practica5\practica5\Window.cpp(87): warning C4715: 'Window::Initialise': no todas las rutas de acceso de control devuelven un valor
LINK : warning LNK4098: la biblioteca predeterminada'MSVCRT' entra en conflicto con otras bibliotecas; use la biblioteca /NODEFAULTLIB:biblioteca
  practica5.vcxproj -> C:\Users\angel\OneDrive\Escritorio\Computación Grafica lab\practica5\Debug\practica5.exe
