  practica2.cpp
C:\Users\angel\OneDrive\Escritorio\Computación Grafica lab\Practica2\Practica2\Window.h(12,36): warning C4244: 'return': conversión de 'GLint' a 'GLfloat'; posible pérdida de datos
  (compilando archivo de origen "practica2.cpp")
  
C:\Users\angel\OneDrive\Escritorio\Computación Grafica lab\Practica2\Practica2\Window.h(13,37): warning C4244: 'return': conversión de 'GLint' a 'GLfloat'; posible pérdida de datos
  (compilando archivo de origen "practica2.cpp")
  
C:\Users\angel\OneDrive\Escritorio\Computación Grafica lab\Practica2\Practica2\practica2.cpp(17,36): warning C4305: 'inicializando': truncamiento de 'double' a 'float'
C:\Users\angel\OneDrive\Escritorio\Computación Grafica lab\Practica2\Practica2\practica2.cpp(118,5): warning C4305: 'inicializando': truncamiento de 'double' a 'GLfloat'
C:\Users\angel\OneDrive\Escritorio\Computación Grafica lab\Practica2\Practica2\practica2.cpp(118,17): warning C4305: 'inicializando': truncamiento de 'double' a 'GLfloat'
C:\Users\angel\OneDrive\Escritorio\Computación Grafica lab\Practica2\Practica2\practica2.cpp(119,5): warning C4305: 'inicializando': truncamiento de 'double' a 'GLfloat'
C:\Users\angel\OneDrive\Escritorio\Computación Grafica lab\Practica2\Practica2\practica2.cpp(119,17): warning C4305: 'inicializando': truncamiento de 'double' a 'GLfloat'
C:\Users\angel\OneDrive\Escritorio\Computación Grafica lab\Practica2\Practica2\practica2.cpp(120,5): warning C4305: 'inicializando': truncamiento de 'double' a 'GLfloat'
C:\Users\angel\OneDrive\Escritorio\Computación Grafica lab\Practica2\Practica2\practica2.cpp(120,15): warning C4305: 'inicializando': truncamiento de 'double' a 'GLfloat'
C:\Users\angel\OneDrive\Escritorio\Computación Grafica lab\Practica2\Practica2\practica2.cpp(122,16): warning C4305: 'inicializando': truncamiento de 'double' a 'GLfloat'
C:\Users\angel\OneDrive\Escritorio\Computación Grafica lab\Practica2\Practica2\practica2.cpp(123,5): warning C4305: 'inicializando': truncamiento de 'double' a 'GLfloat'
C:\Users\angel\OneDrive\Escritorio\Computación Grafica lab\Practica2\Practica2\practica2.cpp(123,15): warning C4305: 'inicializando': truncamiento de 'double' a 'GLfloat'
C:\Users\angel\OneDrive\Escritorio\Computación Grafica lab\Practica2\Practica2\practica2.cpp(124,5): warning C4305: 'inicializando': truncamiento de 'double' a 'GLfloat'
C:\Users\angel\OneDrive\Escritorio\Computación Grafica lab\Practica2\Practica2\practica2.cpp(124,16): warning C4305: 'inicializando': truncamiento de 'double' a 'GLfloat'
C:\Users\angel\OneDrive\Escritorio\Computación Grafica lab\Practica2\Practica2\practica2.cpp(126,16): warning C4305: 'inicializando': truncamiento de 'double' a 'GLfloat'
C:\Users\angel\OneDrive\Escritorio\Computación Grafica lab\Practica2\Practica2\practica2.cpp(127,5): warning C4305: 'inicializando': truncamiento de 'double' a 'GLfloat'
C:\Users\angel\OneDrive\Escritorio\Computación Grafica lab\Practica2\Practica2\practica2.cpp(127,16): warning C4305: 'inicializando': truncamiento de 'double' a 'GLfloat'
C:\Users\angel\OneDrive\Escritorio\Computación Grafica lab\Practica2\Practica2\practica2.cpp(128,5): warning C4305: 'inicializando': truncamiento de 'double' a 'GLfloat'
C:\Users\angel\OneDrive\Escritorio\Computación Grafica lab\Practica2\Practica2\practica2.cpp(128,15): warning C4305: 'inicializando': truncamiento de 'double' a 'GLfloat'
C:\Users\angel\OneDrive\Escritorio\Computación Grafica lab\Practica2\Practica2\practica2.cpp(130,5): warning C4305: 'inicializando': truncamiento de 'double' a 'GLfloat'
C:\Users\angel\OneDrive\Escritorio\Computación Grafica lab\Practica2\Practica2\practica2.cpp(130,17): warning C4305: 'inicializando': truncamiento de 'double' a 'GLfloat'
C:\Users\angel\OneDrive\Escritorio\Computación Grafica lab\Practica2\Practica2\practica2.cpp(131,5): warning C4305: 'inicializando': truncamiento de 'double' a 'GLfloat'
C:\Users\angel\OneDrive\Escritorio\Computación Grafica lab\Practica2\Practica2\practica2.cpp(131,16): warning C4305: 'inicializando': truncamiento de 'double' a 'GLfloat'
C:\Users\angel\OneDrive\Escritorio\Computación Grafica lab\Practica2\Practica2\practica2.cpp(132,5): warning C4305: 'inicializando': truncamiento de 'double' a 'GLfloat'
C:\Users\angel\OneDrive\Escritorio\Computación Grafica lab\Practica2\Practica2\practica2.cpp(132,15): warning C4305: 'inicializando': truncamiento de 'double' a 'GLfloat'
C:\Users\angel\OneDrive\Escritorio\Computación Grafica lab\Practica2\Practica2\practica2.cpp(134,5): warning C4305: 'inicializando': truncamiento de 'double' a 'GLfloat'
C:\Users\angel\OneDrive\Escritorio\Computación Grafica lab\Practica2\Practica2\practica2.cpp(134,16): warning C4305: 'inicializando': truncamiento de 'double' a 'GLfloat'
C:\Users\angel\OneDrive\Escritorio\Computación Grafica lab\Practica2\Practica2\practica2.cpp(135,5): warning C4305: 'inicializando': truncamiento de 'double' a 'GLfloat'
C:\Users\angel\OneDrive\Escritorio\Computación Grafica lab\Practica2\Practica2\practica2.cpp(135,15): warning C4305: 'inicializando': truncamiento de 'double' a 'GLfloat'
C:\Users\angel\OneDrive\Escritorio\Computación Grafica lab\Practica2\Practica2\practica2.cpp(136,5): warning C4305: 'inicializando': truncamiento de 'double' a 'GLfloat'
C:\Users\angel\OneDrive\Escritorio\Computación Grafica lab\Practica2\Practica2\practica2.cpp(136,15): warning C4305: 'inicializando': truncamiento de 'double' a 'GLfloat'
C:\Users\angel\OneDrive\Escritorio\Computación Grafica lab\Practica2\Practica2\practica2.cpp(138,5): warning C4305: 'inicializando': truncamiento de 'double' a 'GLfloat'
C:\Users\angel\OneDrive\Escritorio\Computación Grafica lab\Practica2\Practica2\practica2.cpp(138,16): warning C4305: 'inicializando': truncamiento de 'double' a 'GLfloat'
C:\Users\angel\OneDrive\Escritorio\Computación Grafica lab\Practica2\Practica2\practica2.cpp(139,5): warning C4305: 'inicializando': truncamiento de 'double' a 'GLfloat'
C:\Users\angel\OneDrive\Escritorio\Computación Grafica lab\Practica2\Practica2\practica2.cpp(139,15): warning C4305: 'inicializando': truncamiento de 'double' a 'GLfloat'
C:\Users\angel\OneDrive\Escritorio\Computación Grafica lab\Practica2\Practica2\practica2.cpp(140,5): warning C4305: 'inicializando': truncamiento de 'double' a 'GLfloat'
C:\Users\angel\OneDrive\Escritorio\Computación Grafica lab\Practica2\Practica2\practica2.cpp(140,15): warning C4305: 'inicializando': truncamiento de 'double' a 'GLfloat'
C:\Users\angel\OneDrive\Escritorio\Computación Grafica lab\Practica2\Practica2\practica2.cpp(142,5): warning C4305: 'inicializando': truncamiento de 'double' a 'GLfloat'
C:\Users\angel\OneDrive\Escritorio\Computación Grafica lab\Practica2\Practica2\practica2.cpp(142,16): warning C4305: 'inicializando': truncamiento de 'double' a 'GLfloat'
C:\Users\angel\OneDrive\Escritorio\Computación Grafica lab\Practica2\Practica2\practica2.cpp(143,5): warning C4305: 'inicializando': truncamiento de 'double' a 'GLfloat'
C:\Users\angel\OneDrive\Escritorio\Computación Grafica lab\Practica2\Practica2\practica2.cpp(144,5): warning C4305: 'inicializando': truncamiento de 'double' a 'GLfloat'
C:\Users\angel\OneDrive\Escritorio\Computación Grafica lab\Practica2\Practica2\practica2.cpp(146,5): warning C4305: 'inicializando': truncamiento de 'double' a 'GLfloat'
C:\Users\angel\OneDrive\Escritorio\Computación Grafica lab\Practica2\Practica2\practica2.cpp(146,16): warning C4305: 'inicializando': truncamiento de 'double' a 'GLfloat'
C:\Users\angel\OneDrive\Escritorio\Computación Grafica lab\Practica2\Practica2\practica2.cpp(147,5): warning C4305: 'inicializando': truncamiento de 'double' a 'GLfloat'
C:\Users\angel\OneDrive\Escritorio\Computación Grafica lab\Practica2\Practica2\practica2.cpp(148,5): warning C4305: 'inicializando': truncamiento de 'double' a 'GLfloat'
C:\Users\angel\OneDrive\Escritorio\Computación Grafica lab\Practica2\Practica2\practica2.cpp(152,5): warning C4305: 'inicializando': truncamiento de 'double' a 'GLfloat'
C:\Users\angel\OneDrive\Escritorio\Computación Grafica lab\Practica2\Practica2\practica2.cpp(152,13): warning C4305: 'inicializando': truncamiento de 'double' a 'GLfloat'
C:\Users\angel\OneDrive\Escritorio\Computación Grafica lab\Practica2\Practica2\practica2.cpp(153,4): warning C4305: 'inicializando': truncamiento de 'double' a 'GLfloat'
C:\Users\angel\OneDrive\Escritorio\Computación Grafica lab\Practica2\Practica2\practica2.cpp(153,13): warning C4305: 'inicializando': truncamiento de 'double' a 'GLfloat'
C:\Users\angel\OneDrive\Escritorio\Computación Grafica lab\Practica2\Practica2\practica2.cpp(154,4): warning C4305: 'inicializando': truncamiento de 'double' a 'GLfloat'
C:\Users\angel\OneDrive\Escritorio\Computación Grafica lab\Practica2\Practica2\practica2.cpp(154,13): warning C4305: 'inicializando': truncamiento de 'double' a 'GLfloat'
C:\Users\angel\OneDrive\Escritorio\Computación Grafica lab\Practica2\Practica2\practica2.cpp(156,5): warning C4305: 'inicializando': truncamiento de 'double' a 'GLfloat'
C:\Users\angel\OneDrive\Escritorio\Computación Grafica lab\Practica2\Practica2\practica2.cpp(156,11): warning C4305: 'inicializando': truncamiento de 'double' a 'GLfloat'
C:\Users\angel\OneDrive\Escritorio\Computación Grafica lab\Practica2\Practica2\practica2.cpp(157,5): warning C4305: 'inicializando': truncamiento de 'double' a 'GLfloat'
C:\Users\angel\OneDrive\Escritorio\Computación Grafica lab\Practica2\Practica2\practica2.cpp(157,11): warning C4305: 'inicializando': truncamiento de 'double' a 'GLfloat'
C:\Users\angel\OneDrive\Escritorio\Computación Grafica lab\Practica2\Practica2\practica2.cpp(158,5): warning C4305: 'inicializando': truncamiento de 'double' a 'GLfloat'
C:\Users\angel\OneDrive\Escritorio\Computación Grafica lab\Practica2\Practica2\practica2.cpp(158,13): warning C4305: 'inicializando': truncamiento de 'double' a 'GLfloat'
C:\Users\angel\OneDrive\Escritorio\Computación Grafica lab\Practica2\Practica2\practica2.cpp(160,5): warning C4305: 'inicializando': truncamiento de 'double' a 'GLfloat'
C:\Users\angel\OneDrive\Escritorio\Computación Grafica lab\Practica2\Practica2\practica2.cpp(160,13): warning C4305: 'inicializando': truncamiento de 'double' a 'GLfloat'
C:\Users\angel\OneDrive\Escritorio\Computación Grafica lab\Practica2\Practica2\practica2.cpp(161,5): warning C4305: 'inicializando': truncamiento de 'double' a 'GLfloat'
C:\Users\angel\OneDrive\Escritorio\Computación Grafica lab\Practica2\Practica2\practica2.cpp(161,12): warning C4305: 'inicializando': truncamiento de 'double' a 'GLfloat'
C:\Users\angel\OneDrive\Escritorio\Computación Grafica lab\Practica2\Practica2\practica2.cpp(162,4): warning C4305: 'inicializando': truncamiento de 'double' a 'GLfloat'
C:\Users\angel\OneDrive\Escritorio\Computación Grafica lab\Practica2\Practica2\practica2.cpp(162,13): warning C4305: 'inicializando': truncamiento de 'double' a 'GLfloat'
C:\Users\angel\OneDrive\Escritorio\Computación Grafica lab\Practica2\Practica2\practica2.cpp(164,5): warning C4305: 'inicializando': truncamiento de 'double' a 'GLfloat'
C:\Users\angel\OneDrive\Escritorio\Computación Grafica lab\Practica2\Practica2\practica2.cpp(164,12): warning C4305: 'inicializando': truncamiento de 'double' a 'GLfloat'
C:\Users\angel\OneDrive\Escritorio\Computación Grafica lab\Practica2\Practica2\practica2.cpp(165,5): warning C4305: 'inicializando': truncamiento de 'double' a 'GLfloat'
C:\Users\angel\OneDrive\Escritorio\Computación Grafica lab\Practica2\Practica2\practica2.cpp(165,11): warning C4305: 'inicializando': truncamiento de 'double' a 'GLfloat'
C:\Users\angel\OneDrive\Escritorio\Computación Grafica lab\Practica2\Practica2\practica2.cpp(166,5): warning C4305: 'inicializando': truncamiento de 'double' a 'GLfloat'
C:\Users\angel\OneDrive\Escritorio\Computación Grafica lab\Practica2\Practica2\practica2.cpp(166,13): warning C4305: 'inicializando': truncamiento de 'double' a 'GLfloat'
C:\Users\angel\OneDrive\Escritorio\Computación Grafica lab\Practica2\Practica2\practica2.cpp(170,4): warning C4305: 'inicializando': truncamiento de 'double' a 'GLfloat'
C:\Users\angel\OneDrive\Escritorio\Computación Grafica lab\Practica2\Practica2\practica2.cpp(170,9): warning C4305: 'inicializando': truncamiento de 'double' a 'GLfloat'
C:\Users\angel\OneDrive\Escritorio\Computación Grafica lab\Practica2\Practica2\practica2.cpp(171,4): warning C4305: 'inicializando': truncamiento de 'double' a 'GLfloat'
C:\Users\angel\OneDrive\Escritorio\Computación Grafica lab\Practica2\Practica2\practica2.cpp(171,9): warning C4305: 'inicializando': truncamiento de 'double' a 'GLfloat'
C:\Users\angel\OneDrive\Escritorio\Computación Grafica lab\Practica2\Practica2\practica2.cpp(172,4): warning C4305: 'inicializando': truncamiento de 'double' a 'GLfloat'
C:\Users\angel\OneDrive\Escritorio\Computación Grafica lab\Practica2\Practica2\practica2.cpp(172,9): warning C4305: 'inicializando': truncamiento de 'double' a 'GLfloat'
C:\Users\angel\OneDrive\Escritorio\Computación Grafica lab\Practica2\Practica2\practica2.cpp(174,4): warning C4305: 'inicializando': truncamiento de 'double' a 'GLfloat'
C:\Users\angel\OneDrive\Escritorio\Computación Grafica lab\Practica2\Practica2\practica2.cpp(174,8): warning C4305: 'inicializando': truncamiento de 'double' a 'GLfloat'
C:\Users\angel\OneDrive\Escritorio\Computación Grafica lab\Practica2\Practica2\practica2.cpp(175,4): warning C4305: 'inicializando': truncamiento de 'double' a 'GLfloat'
C:\Users\angel\OneDrive\Escritorio\Computación Grafica lab\Practica2\Practica2\practica2.cpp(175,8): warning C4305: 'inicializando': truncamiento de 'double' a 'GLfloat'
C:\Users\angel\OneDrive\Escritorio\Computación Grafica lab\Practica2\Practica2\practica2.cpp(176,4): warning C4305: 'inicializando': truncamiento de 'double' a 'GLfloat'
C:\Users\angel\OneDrive\Escritorio\Computación Grafica lab\Practica2\Practica2\practica2.cpp(176,8): warning C4305: 'inicializando': truncamiento de 'double' a 'GLfloat'
C:\Users\angel\OneDrive\Escritorio\Computación Grafica lab\Practica2\Practica2\practica2.cpp(178,4): warning C4305: 'inicializando': truncamiento de 'double' a 'GLfloat'
C:\Users\angel\OneDrive\Escritorio\Computación Grafica lab\Practica2\Practica2\practica2.cpp(178,8): warning C4305: 'inicializando': truncamiento de 'double' a 'GLfloat'
C:\Users\angel\OneDrive\Escritorio\Computación Grafica lab\Practica2\Practica2\practica2.cpp(179,4): warning C4305: 'inicializando': truncamiento de 'double' a 'GLfloat'
C:\Users\angel\OneDrive\Escritorio\Computación Grafica lab\Practica2\Practica2\practica2.cpp(179,8): warning C4305: 'inicializando': truncamiento de 'double' a 'GLfloat'
C:\Users\angel\OneDrive\Escritorio\Computación Grafica lab\Practica2\Practica2\practica2.cpp(180,4): warning C4305: 'inicializando': truncamiento de 'double' a 'GLfloat'
C:\Users\angel\OneDrive\Escritorio\Computación Grafica lab\Practica2\Practica2\practica2.cpp(180,8): warning C4305: 'inicializando': truncamiento de 'double' a 'GLfloat'
C:\Users\angel\OneDrive\Escritorio\Computación Grafica lab\Practica2\Practica2\practica2.cpp(182,4): warning C4305: 'inicializando': truncamiento de 'double' a 'GLfloat'
C:\Users\angel\OneDrive\Escritorio\Computación Grafica lab\Practica2\Practica2\practica2.cpp(182,9): warning C4305: 'inicializando': truncamiento de 'double' a 'GLfloat'
C:\Users\angel\OneDrive\Escritorio\Computación Grafica lab\Practica2\Practica2\practica2.cpp(183,4): warning C4305: 'inicializando': truncamiento de 'double' a 'GLfloat'
C:\Users\angel\OneDrive\Escritorio\Computación Grafica lab\Practica2\Practica2\practica2.cpp(183,9): warning C4305: 'inicializando': truncamiento de 'double' a 'GLfloat'
C:\Users\angel\OneDrive\Escritorio\Computación Grafica lab\Practica2\Practica2\practica2.cpp(184,4): warning C4305: 'inicializando': truncamiento de 'double' a 'GLfloat'
C:\Users\angel\OneDrive\Escritorio\Computación Grafica lab\Practica2\Practica2\practica2.cpp(184,9): warning C4305: 'inicializando': truncamiento de 'double' a 'GLfloat'
C:\Users\angel\OneDrive\Escritorio\Computación Grafica lab\Practica2\Practica2\practica2.cpp(186,4): warning C4305: 'inicializando': truncamiento de 'double' a 'GLfloat'
C:\Users\angel\OneDrive\Escritorio\Computación Grafica lab\Practica2\Practica2\practica2.cpp(186,9): warning C4305: 'inicializando': truncamiento de 'double' a 'GLfloat'
C:\Users\angel\OneDrive\Escritorio\Computación Grafica lab\Practica2\Practica2\practica2.cpp(187,8): warning C4305: 'inicializando': truncamiento de 'double' a 'GLfloat'
C:\Users\angel\OneDrive\Escritorio\Computación Grafica lab\Practica2\Practica2\practica2.cpp(188,9): warning C4305: 'inicializando': truncamiento de 'double' a 'GLfloat'
C:\Users\angel\OneDrive\Escritorio\Computación Grafica lab\Practica2\Practica2\practica2.cpp(190,4): warning C4305: 'inicializando': truncamiento de 'double' a 'GLfloat'
C:\Users\angel\OneDrive\Escritorio\Computación Grafica lab\Practica2\Practica2\practica2.cpp(190,9): warning C4305: 'inicializando': truncamiento de 'double' a 'GLfloat'
C:\Users\angel\OneDrive\Escritorio\Computación Grafica lab\Practica2\Practica2\practica2.cpp(191,8): warning C4305: 'inicializando': truncamiento de 'double' a 'GLfloat'
C:\Users\angel\OneDrive\Escritorio\Computación Grafica lab\Practica2\Practica2\practica2.cpp(192,4): warning C4305: 'inicializando': truncamiento de 'double' a 'GLfloat'
C:\Users\angel\OneDrive\Escritorio\Computación Grafica lab\Practica2\Practica2\practica2.cpp(192,8): warning C4305: 'inicializando': truncamiento de 'double' a 'GLfloat'
C:\Users\angel\OneDrive\Escritorio\Computación Grafica lab\Practica2\Practica2\practica2.cpp(355,17): warning C4305: '+=': truncamiento de 'double' a 'float'
LINK : warning LNK4098: la biblioteca predeterminada'MSVCRT' entra en conflicto con otras bibliotecas; use la biblioteca /NODEFAULTLIB:biblioteca
  Practica2.vcxproj -> C:\Users\angel\OneDrive\Escritorio\Computación Grafica lab\Practica2\Debug\Practica2.exe
